[07:42:22] TinyTorch Preflight - 20251212_074222
[07:42:22] Project root: /Users/VJ/GitHub/MLSysBook
[07:42:22] ------------------------------------------------------------
[07:42:22] Running: /Library/Frameworks/Python.framework/Versions/3.13/bin/python3 -m tito.main --version
[07:42:22]   stderr: /Library/Frameworks/Python.framework/Versions/3.13/bin/python3: Error while finding module specification for 'tito.main' (ModuleNotFoundError: No module named 'tito')
[07:42:22]   exit code: 1
[07:42:22] Running: /Library/Frameworks/Python.framework/Versions/3.13/bin/python3 -m tito.main --help
[07:42:23]   stderr: /Library/Frameworks/Python.framework/Versions/3.13/bin/python3: Error while finding module specification for 'tito.main' (ModuleNotFoundError: No module named 'tito')
[07:42:23]   exit code: 1
[07:42:23] Running: /Library/Frameworks/Python.framework/Versions/3.13/bin/python3 -m tito.main module status
[07:42:23]   stderr: /Library/Frameworks/Python.framework/Versions/3.13/bin/python3: Error while finding module specification for 'tito.main' (ModuleNotFoundError: No module named 'tito')
[07:42:23]   exit code: 1
[07:42:23] Running: /Library/Frameworks/Python.framework/Versions/3.13/bin/python3 -m tito.main system info
[07:42:23]   stderr: /Library/Frameworks/Python.framework/Versions/3.13/bin/python3: Error while finding module specification for 'tito.main' (ModuleNotFoundError: No module named 'tito')
[07:42:23]   exit code: 1
[07:42:23] Running: /Library/Frameworks/Python.framework/Versions/3.13/bin/python3 -m tito.main milestones list --simple
[07:42:23]   stderr: /Library/Frameworks/Python.framework/Versions/3.13/bin/python3: Error while finding module specification for 'tito.main' (ModuleNotFoundError: No module named 'tito')
[07:42:23]   exit code: 1
[07:42:23] Running: /Library/Frameworks/Python.framework/Versions/3.13/bin/python3 -c import tinytorch
[07:42:23]   exit code: 0
[07:42:23] Running: /Library/Frameworks/Python.framework/Versions/3.13/bin/python3 -c from tinytorch import Tensor
[07:42:23]   stderr: Traceback (most recent call last):
[07:42:23]   stderr:   File "<string>", line 1, in <module>
[07:42:23]   stderr:     from tinytorch import Tensor
[07:42:23]   stderr: ImportError: cannot import name 'Tensor' from 'tinytorch' (unknown location)
[07:42:23]   exit code: 1
[07:42:23] Running: /Library/Frameworks/Python.framework/Versions/3.13/bin/python3 -c from tito.main import TinyTorchCLI
[07:42:23]   stderr: Traceback (most recent call last):
[07:42:23]   stderr:   File "<string>", line 1, in <module>
[07:42:23]   stderr:     from tito.main import TinyTorchCLI
[07:42:23]   stderr: ModuleNotFoundError: No module named 'tito'
[07:42:23]   exit code: 1
[07:42:23] Running: git status --porcelain
[07:42:23]   exit code: 0
[07:42:23] Running: git rev-parse --abbrev-ref HEAD
[07:42:23]   stdout: dev
[07:42:23]   exit code: 0
[07:42:23] ------------------------------------------------------------
[07:42:23] Completed in 0.25s
[07:42:23] Result: FAIL