[07:45:13] TinyTorch Preflight - 20251212_074513
[07:45:13] Project root: /Users/VJ/GitHub/MLSysBook
[07:45:13] ------------------------------------------------------------
[07:45:13] Running: /Library/Frameworks/Python.framework/Versions/3.13/bin/python3 /Users/VJ/GitHub/MLSysBook/bin/tito --version
[07:45:13]   stderr: /Library/Frameworks/Python.framework/Versions/3.13/Resources/Python.app/Contents/MacOS/Python: can't open file '/Users/VJ/GitHub/MLSysBook/bin/tito': [Errno 2] No such file or directory
[07:45:13]   exit code: 2
[07:45:13] Running: /Library/Frameworks/Python.framework/Versions/3.13/bin/python3 /Users/VJ/GitHub/MLSysBook/bin/tito --help
[07:45:13]   stderr: /Library/Frameworks/Python.framework/Versions/3.13/Resources/Python.app/Contents/MacOS/Python: can't open file '/Users/VJ/GitHub/MLSysBook/bin/tito': [Errno 2] No such file or directory
[07:45:13]   exit code: 2
[07:45:13] Running: /Library/Frameworks/Python.framework/Versions/3.13/bin/python3 /Users/VJ/GitHub/MLSysBook/bin/tito module status
[07:45:13]   stderr: /Library/Frameworks/Python.framework/Versions/3.13/Resources/Python.app/Contents/MacOS/Python: can't open file '/Users/VJ/GitHub/MLSysBook/bin/tito': [Errno 2] No such file or directory
[07:45:13]   exit code: 2
[07:45:13] Running: /Library/Frameworks/Python.framework/Versions/3.13/bin/python3 /Users/VJ/GitHub/MLSysBook/bin/tito system info
[07:45:13]   stderr: /Library/Frameworks/Python.framework/Versions/3.13/Resources/Python.app/Contents/MacOS/Python: can't open file '/Users/VJ/GitHub/MLSysBook/bin/tito': [Errno 2] No such file or directory
[07:45:13]   exit code: 2
[07:45:13] Running: /Library/Frameworks/Python.framework/Versions/3.13/bin/python3 /Users/VJ/GitHub/MLSysBook/bin/tito milestones list --simple
[07:45:13]   stderr: /Library/Frameworks/Python.framework/Versions/3.13/Resources/Python.app/Contents/MacOS/Python: can't open file '/Users/VJ/GitHub/MLSysBook/bin/tito': [Errno 2] No such file or directory
[07:45:13]   exit code: 2
[07:45:13] Running: /Library/Frameworks/Python.framework/Versions/3.13/bin/python3 -c import tinytorch
[07:45:13]   exit code: 0
[07:45:13] Running: /Library/Frameworks/Python.framework/Versions/3.13/bin/python3 -c from tinytorch import Tensor
[07:45:13]   stderr: Traceback (most recent call last):
[07:45:13]   stderr:   File "<string>", line 1, in <module>
[07:45:13]   stderr:     from tinytorch import Tensor
[07:45:13]   stderr: ImportError: cannot import name 'Tensor' from 'tinytorch' (unknown location)
[07:45:13]   exit code: 1
[07:45:13] Running: /Library/Frameworks/Python.framework/Versions/3.13/bin/python3 -c from tito.main import TinyTorchCLI
[07:45:13]   stderr: Traceback (most recent call last):
[07:45:13]   stderr:   File "<string>", line 1, in <module>
[07:45:13]   stderr:     from tito.main import TinyTorchCLI
[07:45:13]   stderr: ModuleNotFoundError: No module named 'tito'
[07:45:13]   exit code: 1
[07:45:13] Running: git status --porcelain
[07:45:13]   stdout: M .github/workflows/tinytorch-ci.yml
[07:45:13]   stdout:  M tinytorch/tito/commands/dev/preflight.py
[07:45:13]   exit code: 0
[07:45:13] Running: git rev-parse --abbrev-ref HEAD
[07:45:13]   stdout: dev
[07:45:13]   exit code: 0
[07:45:13] ------------------------------------------------------------
[07:45:13] Completed in 0.23s
[07:45:13] Result: FAIL