\BOOKMARK [1][-]{section.1}{\376\377\000I\000n\000t\000r\000o\000d\000u\000c\000t\000i\000o\000n}{}% 1
\BOOKMARK [1][-]{section.2}{\376\377\000R\000e\000l\000a\000t\000e\000d\000\040\000W\000o\000r\000k}{}% 2
\BOOKMARK [2][-]{subsection.2.1}{\376\377\000P\000e\000d\000a\000g\000o\000g\000i\000c\000a\000l\000\040\000P\000r\000e\000c\000e\000d\000e\000n\000t\000s\000\040\000i\000n\000\040\000S\000y\000s\000t\000e\000m\000s\000\040\000E\000d\000u}{section.2}% 3
\BOOKMARK [2][-]{subsection.2.2}{\376\377\000E\000d\000u\000c\000a\000t\000i\000o\000n\000a\000l\000\040\000M\000L\000\040\000F\000r\000a\000m\000e\000w\000o\000r\000k\000s}{section.2}% 4
\BOOKMARK [2][-]{subsection.2.3}{\376\377\000P\000o\000s\000i\000t\000i\000o\000n\000i\000n\000g\000\040\000a\000n\000d\000\040\000U\000n\000i\000q\000u\000e\000\040\000C\000o\000n\000t\000r\000i\000b\000u\000t\000i\000o\000n\000s}{section.2}% 5
\BOOKMARK [1][-]{section.3}{\376\377\000T\000i\000n\000y\000T\000o\000r\000c\000h\000\040\000A\000r\000c\000h\000i\000t\000e\000c\000t\000u\000r\000e}{}% 6
\BOOKMARK [2][-]{subsection.3.1}{\376\377\000T\000h\000e\000\040\000M\000L\000\040\000S\000y\000s\000t\000e\000m\000s\000\040\000C\000o\000m\000p\000e\000t\000e\000n\000c\000y\000\040\000M\000a\000t\000r\000i\000x}{section.3}% 7
\BOOKMARK [2][-]{subsection.3.2}{\376\377\000T\000h\000e\000\040\0003\000-\000T\000i\000e\000r\000\040\000L\000e\000a\000r\000n\000i\000n\000g\000\040\000J\000o\000u\000r\000n\000e\000y\000\040\000+\000\040\000C\000a\000p\000s\000t\000o\000n\000e}{section.3}% 8
\BOOKMARK [2][-]{subsection.3.3}{\376\377\000M\000o\000d\000u\000l\000e\000\040\000S\000t\000r\000u\000c\000t\000u\000r\000e}{section.3}% 9
\BOOKMARK [2][-]{subsection.3.4}{\376\377\000M\000i\000l\000e\000s\000t\000o\000n\000e\000\040\000A\000r\000c\000s}{section.3}% 10
\BOOKMARK [1][-]{section.4}{\376\377\000P\000r\000o\000g\000r\000e\000s\000s\000i\000v\000e\000\040\000D\000i\000s\000c\000l\000o\000s\000u\000r\000e}{}% 11
\BOOKMARK [2][-]{subsection.4.1}{\376\377\000P\000a\000t\000t\000e\000r\000n\000\040\000I\000m\000p\000l\000e\000m\000e\000n\000t\000a\000t\000i\000o\000n}{section.4}% 12
\BOOKMARK [2][-]{subsection.4.2}{\376\377\000P\000e\000d\000a\000g\000o\000g\000i\000c\000a\000l\000\040\000J\000u\000s\000t\000i\000f\000i\000c\000a\000t\000i\000o\000n}{section.4}% 13
\BOOKMARK [2][-]{subsection.4.3}{\376\377\000P\000r\000o\000d\000u\000c\000t\000i\000o\000n\000\040\000F\000r\000a\000m\000e\000w\000o\000r\000k\000\040\000A\000l\000i\000g\000n\000m\000e\000n\000t}{section.4}% 14
\BOOKMARK [1][-]{section.5}{\376\377\000S\000y\000s\000t\000e\000m\000s\000-\000F\000i\000r\000s\000t\000\040\000I\000n\000t\000e\000g\000r\000a\000t\000i\000o\000n}{}% 15
\BOOKMARK [2][-]{subsection.5.1}{\376\377\000P\000h\000a\000s\000e\000\040\0001\000:\000\040\000U\000n\000d\000e\000r\000s\000t\000a\000n\000d\000i\000n\000g\000\040\000a\000n\000d\000\040\000C\000h\000a\000r\000a\000c\000t\000e\000r\000i\000z\000i\000n\000g\000\040\000M\000e\000m\000o\000r\000y\000\040\000U\000s\000a\000g\000e}{section.5}% 16
\BOOKMARK [2][-]{subsection.5.2}{\376\377\000P\000h\000a\000s\000e\000\040\0002\000:\000\040\000A\000n\000a\000l\000y\000z\000i\000n\000g\000\040\000C\000o\000m\000p\000l\000e\000x\000i\000t\000y\000\040\000T\000h\000r\000o\000u\000g\000h\000\040\000T\000r\000a\000n\000s\000p\000a\000r\000e\000n\000t\000\040\000I\000m\000p\000l\000e\000m\000e\000n\000t\000a\000t\000i\000o\000n\000s}{section.5}% 17
\BOOKMARK [2][-]{subsection.5.3}{\376\377\000P\000h\000a\000s\000e\000\040\0003\000:\000\040\000O\000p\000t\000i\000m\000i\000z\000i\000n\000g\000\040\000S\000y\000s\000t\000e\000m\000s\000\040\000T\000h\000r\000o\000u\000g\000h\000\040\000M\000e\000a\000s\000u\000r\000e\000m\000e\000n\000t\000-\000D\000r\000i\000v\000e\000n\000\040\000I\000t\000e\000r\000a\000t\000i\000o\000n}{section.5}% 18
\BOOKMARK [1][-]{section.6}{\376\377\000C\000o\000u\000r\000s\000e\000\040\000D\000e\000p\000l\000o\000y\000m\000e\000n\000t}{}% 19
\BOOKMARK [2][-]{subsection.6.1}{\376\377\000I\000n\000t\000e\000g\000r\000a\000t\000i\000o\000n\000\040\000M\000o\000d\000e\000l\000s}{section.6}% 20
\BOOKMARK [2][-]{subsection.6.2}{\376\377\000T\000i\000e\000r\000-\000B\000a\000s\000e\000d\000\040\000C\000u\000r\000r\000i\000c\000u\000l\000u\000m\000\040\000C\000o\000n\000f\000i\000g\000u\000r\000a\000t\000i\000o\000n\000s}{section.6}% 21
\BOOKMARK [2][-]{subsection.6.3}{\376\377\000M\000L\000\040\000S\000y\000s\000t\000e\000m\000s\000\040\000C\000o\000m\000p\000e\000t\000e\000n\000c\000y\000\040\000C\000o\000v\000e\000r\000a\000g\000e}{section.6}% 22
\BOOKMARK [2][-]{subsection.6.4}{\376\377\000I\000n\000f\000r\000a\000s\000t\000r\000u\000c\000t\000u\000r\000e\000\040\000a\000n\000d\000\040\000A\000c\000c\000e\000s\000s\000i\000b\000i\000l\000i\000t\000y}{section.6}% 23
\BOOKMARK [3][-]{subsubsection.6.4.1}{\376\377\000J\000u\000p\000y\000t\000e\000r\000\040\000E\000n\000v\000i\000r\000o\000n\000m\000e\000n\000t\000\040\000O\000p\000t\000i\000o\000n\000s}{subsection.6.4}% 24
\BOOKMARK [3][-]{subsubsection.6.4.2}{\376\377\000N\000B\000G\000r\000a\000d\000e\000r\000\040\000A\000u\000t\000o\000g\000r\000a\000d\000i\000n\000g\000\040\000W\000o\000r\000k\000f\000l\000o\000w}{subsection.6.4}% 25
\BOOKMARK [2][-]{subsection.6.5}{\376\377\000A\000u\000t\000o\000m\000a\000t\000e\000d\000\040\000A\000s\000s\000e\000s\000s\000m\000e\000n\000t\000\040\000I\000n\000f\000r\000a\000s\000t\000r\000u\000c\000t\000u\000r\000e}{section.6}% 26
\BOOKMARK [2][-]{subsection.6.6}{\376\377\000P\000a\000c\000k\000a\000g\000e\000\040\000O\000r\000g\000a\000n\000i\000z\000a\000t\000i\000o\000n}{section.6}% 27
\BOOKMARK [2][-]{subsection.6.7}{\376\377\000O\000p\000e\000n\000\040\000S\000o\000u\000r\000c\000e\000\040\000I\000n\000f\000r\000a\000s\000t\000r\000u\000c\000t\000u\000r\000e}{section.6}% 28
\BOOKMARK [2][-]{subsection.6.8}{\376\377\000T\000e\000a\000c\000h\000i\000n\000g\000\040\000A\000s\000s\000i\000s\000t\000a\000n\000t\000\040\000S\000u\000p\000p\000o\000r\000t}{section.6}% 29
\BOOKMARK [2][-]{subsection.6.9}{\376\377\000S\000t\000u\000d\000e\000n\000t\000\040\000L\000e\000a\000r\000n\000i\000n\000g\000\040\000S\000u\000p\000p\000o\000r\000t}{section.6}% 30
\BOOKMARK [1][-]{section.7}{\376\377\000D\000i\000s\000c\000u\000s\000s\000i\000o\000n\000\040\000a\000n\000d\000\040\000L\000i\000m\000i\000t\000a\000t\000i\000o\000n\000s}{}% 31
\BOOKMARK [2][-]{subsection.7.1}{\376\377\000P\000e\000d\000a\000g\000o\000g\000i\000c\000a\000l\000\040\000S\000c\000o\000p\000e\000\040\000a\000s\000\040\000D\000e\000s\000i\000g\000n\000\040\000D\000e\000c\000i\000s\000i\000o\000n}{section.7}% 32
\BOOKMARK [2][-]{subsection.7.2}{\376\377\000L\000i\000m\000i\000t\000a\000t\000i\000o\000n\000s}{section.7}% 33
\BOOKMARK [1][-]{section.8}{\376\377\000F\000u\000t\000u\000r\000e\000\040\000D\000i\000r\000e\000c\000t\000i\000o\000n\000s}{}% 34
\BOOKMARK [2][-]{subsection.8.1}{\376\377\000E\000m\000p\000i\000r\000i\000c\000a\000l\000\040\000V\000a\000l\000i\000d\000a\000t\000i\000o\000n\000\040\000R\000o\000a\000d\000m\000a\000p}{section.8}% 35
\BOOKMARK [2][-]{subsection.8.2}{\376\377\000C\000u\000r\000r\000i\000c\000u\000l\000u\000m\000\040\000E\000v\000o\000l\000u\000t\000i\000o\000n}{section.8}% 36
\BOOKMARK [2][-]{subsection.8.3}{\376\377\000C\000o\000m\000m\000u\000n\000i\000t\000y\000\040\000a\000n\000d\000\040\000S\000u\000s\000t\000a\000i\000n\000a\000b\000i\000l\000i\000t\000y}{section.8}% 37
\BOOKMARK [1][-]{section.9}{\376\377\000C\000o\000n\000c\000l\000u\000s\000i\000o\000n}{}% 38
