\BOOKMARK [1][-]{section.1}{\376\377\000I\000n\000t\000r\000o\000d\000u\000c\000t\000i\000o\000n}{}% 1
\BOOKMARK [1][-]{section.2}{\376\377\000T\000h\000e\000\040\000S\000t\000a\000f\000f\000M\000L\000\040\000C\000o\000m\000p\000e\000t\000e\000n\000c\000y\000\040\000M\000o\000d\000e\000l}{}% 2
\BOOKMARK [2][-]{subsection.2.1}{\376\377\000F\000o\000u\000r\000\040\000F\000u\000n\000d\000a\000m\000e\000n\000t\000a\000l\000\040\000S\000k\000i\000l\000l\000s}{section.2}% 3
\BOOKMARK [2][-]{subsection.2.2}{\376\377\000E\000l\000e\000v\000e\000n\000\040\000C\000o\000g\000n\000i\000t\000i\000v\000e\000\040\000Z\000o\000n\000e\000s}{section.2}% 4
\BOOKMARK [2][-]{subsection.2.3}{\376\377\000Z\000o\000n\000e\040\023\000L\000e\000v\000e\000l\000\040\000A\000f\000f\000i\000n\000i\000t\000y}{section.2}% 5
\BOOKMARK [2][-]{subsection.2.4}{\376\377\000T\000h\000e\000\040\000F\000o\000u\000r\000-\000A\000x\000i\000s\000\040\000C\000l\000a\000s\000s\000i\000f\000i\000c\000a\000t\000i\000o\000n}{section.2}% 6
\BOOKMARK [2][-]{subsection.2.5}{\376\377\000D\000e\000p\000t\000h\000\040\000C\000h\000a\000i\000n\000s}{section.2}% 7
\BOOKMARK [1][-]{section.3}{\376\377\000T\000o\000p\000i\000c\000\040\000T\000a\000x\000o\000n\000o\000m\000y}{}% 8
\BOOKMARK [2][-]{subsection.3.1}{\376\377\000C\000u\000r\000a\000t\000e\000d\000\040\000T\000o\000p\000i\000c\000s}{section.3}% 9
\BOOKMARK [2][-]{subsection.3.2}{\376\377\000T\000h\000e\000\040\000P\000r\000e\000r\000e\000q\000u\000i\000s\000i\000t\000e\000\040\000G\000r\000a\000p\000h}{section.3}% 10
\BOOKMARK [2][-]{subsection.3.3}{\376\377\000K\000n\000o\000w\000l\000e\000d\000g\000e\000\040\000O\000r\000g\000a\000n\000i\000z\000a\000t\000i\000o\000n}{section.3}% 11
\BOOKMARK [2][-]{subsection.3.4}{\376\377\000E\000x\000a\000m\000p\000l\000e\000\040\000T\000o\000p\000i\000c\000\040\000w\000i\000t\000h\000\040\000E\000d\000g\000e\000s}{section.3}% 12
\BOOKMARK [1][-]{section.4}{\376\377\000D\000e\000p\000l\000o\000y\000m\000e\000n\000t\000\040\000T\000r\000a\000c\000k\000s}{}% 13
\BOOKMARK [2][-]{subsection.4.1}{\376\377\000C\000l\000o\000u\000d\000:\000\040\000B\000a\000n\000d\000w\000i\000d\000t\000h\000\040\000a\000n\000d\000\040\000F\000a\000b\000r\000i\000c}{section.4}% 14
\BOOKMARK [2][-]{subsection.4.2}{\376\377\000E\000d\000g\000e\000:\000\040\000T\000h\000e\000r\000m\000a\000l\000\040\000a\000n\000d\000\040\000R\000e\000a\000l\000-\000T\000i\000m\000e}{section.4}% 15
\BOOKMARK [2][-]{subsection.4.3}{\376\377\000M\000o\000b\000i\000l\000e\000:\000\040\000B\000a\000t\000t\000e\000r\000y\000\040\000a\000n\000d\000\040\000R\000e\000s\000o\000u\000r\000c\000e\000s}{section.4}% 16
\BOOKMARK [2][-]{subsection.4.4}{\376\377\000T\000i\000n\000y\000M\000L\000:\000\040\000S\000R\000A\000M\000\040\000a\000n\000d\000\040\000R\000e\000a\000l\000-\000T\000i\000m\000e}{section.4}% 17
\BOOKMARK [2][-]{subsection.4.5}{\376\377\000C\000r\000o\000s\000s\000-\000T\000r\000a\000c\000k\000\040\000V\000a\000r\000i\000a\000t\000i\000o\000n}{section.4}% 18
\BOOKMARK [1][-]{section.5}{\376\377\000M\000a\000s\000t\000e\000r\000y\000\040\000L\000e\000v\000e\000l\000s}{}% 19
\BOOKMARK [1][-]{section.6}{\376\377\000S\000c\000h\000e\000m\000a\000\040\000a\000n\000d\000\040\000I\000n\000f\000r\000a\000s\000t\000r\000u\000c\000t\000u\000r\000e}{}% 20
\BOOKMARK [1][-]{section.7}{\376\377\000I\000t\000e\000m\000\040\000C\000o\000n\000s\000t\000r\000u\000c\000t\000i\000o\000n}{}% 21
\BOOKMARK [2][-]{subsection.7.1}{\376\377\000E\000v\000i\000d\000e\000n\000c\000e\000-\000C\000e\000n\000t\000e\000r\000e\000d\000\040\000D\000e\000s\000i\000g\000n}{section.7}% 22
\BOOKMARK [2][-]{subsection.7.2}{\376\377\000L\000L\000M\000-\000A\000s\000s\000i\000s\000t\000e\000d\000\040\000S\000c\000a\000l\000i\000n\000g}{section.7}% 23
\BOOKMARK [2][-]{subsection.7.3}{\376\377\000H\000a\000r\000d\000w\000a\000r\000e\000\040\000G\000r\000o\000u\000n\000d\000i\000n\000g}{section.7}% 24
\BOOKMARK [2][-]{subsection.7.4}{\376\377\000G\000a\000p\000-\000D\000r\000i\000v\000e\000n\000\040\000G\000e\000n\000e\000r\000a\000t\000i\000o\000n}{section.7}% 25
\BOOKMARK [1][-]{section.8}{\376\377\000Q\000u\000a\000l\000i\000t\000y\000\040\000A\000s\000s\000u\000r\000a\000n\000c\000e}{}% 26
\BOOKMARK [2][-]{subsection.8.1}{\376\377\000S\000c\000h\000e\000m\000a\000\040\000V\000a\000l\000i\000d\000a\000t\000i\000o\000n}{section.8}% 27
\BOOKMARK [2][-]{subsection.8.2}{\376\377\000M\000u\000l\000t\000i\000-\000S\000t\000a\000g\000e\000\040\000D\000e\000d\000u\000p\000l\000i\000c\000a\000t\000i\000o\000n}{section.8}% 28
\BOOKMARK [2][-]{subsection.8.3}{\376\377\000M\000a\000t\000h\000\040\000V\000e\000r\000i\000f\000i\000c\000a\000t\000i\000o\000n}{section.8}% 29
\BOOKMARK [2][-]{subsection.8.4}{\376\377\000S\000t\000r\000u\000c\000t\000u\000r\000a\000l\000\040\000I\000n\000v\000a\000r\000i\000a\000n\000t\000s}{section.8}% 30
\BOOKMARK [1][-]{section.9}{\376\377\000C\000o\000v\000e\000r\000a\000g\000e\000\040\000A\000n\000a\000l\000y\000s\000i\000s}{}% 31
\BOOKMARK [2][-]{subsection.9.1}{\376\377\000T\000r\000a\000c\000k\000\040\000D\000i\000s\000t\000r\000i\000b\000u\000t\000i\000o\000n}{section.9}% 32
\BOOKMARK [2][-]{subsection.9.2}{\376\377\000Z\000o\000n\000e\000\040\000D\000i\000s\000t\000r\000i\000b\000u\000t\000i\000o\000n}{section.9}% 33
\BOOKMARK [2][-]{subsection.9.3}{\376\377\000L\000e\000v\000e\000l\000\040\000a\000n\000d\000\040\000B\000l\000o\000o\000m\000'\000s\000\040\000D\000i\000s\000t\000r\000i\000b\000u\000t\000i\000o\000n}{section.9}% 34
\BOOKMARK [2][-]{subsection.9.4}{\376\377\000M\000u\000l\000t\000i\000-\000A\000x\000i\000s\000\040\000C\000o\000v\000e\000r\000a\000g\000e}{section.9}% 35
\BOOKMARK [1][-]{section.10}{\376\377\000E\000x\000a\000m\000p\000l\000e\000\040\000Q\000u\000e\000s\000t\000i\000o\000n\000s}{}% 36
\BOOKMARK [2][-]{subsection.10.1}{\376\377\000F\000l\000u\000e\000n\000c\000y\000:\000\040\000K\000V\000-\000C\000a\000c\000h\000e\000\040\000S\000i\000z\000i\000n\000g}{section.10}% 37
\BOOKMARK [2][-]{subsection.10.2}{\376\377\000D\000i\000a\000g\000n\000o\000s\000i\000s\000:\000\040\000M\000F\000U\000\040\000C\000o\000l\000l\000a\000p\000s\000e}{section.10}% 38
\BOOKMARK [2][-]{subsection.10.3}{\376\377\000S\000p\000e\000c\000i\000f\000i\000c\000a\000t\000i\000o\000n\000:\000\040\000L\000a\000t\000e\000n\000c\000y\000-\000C\000o\000n\000s\000t\000r\000a\000i\000n\000e\000d\000\040\000S\000e\000r\000v\000i\000n\000g}{section.10}% 39
\BOOKMARK [2][-]{subsection.10.4}{\376\377\000M\000a\000s\000t\000e\000r\000y\000:\000\040\000C\000o\000n\000t\000i\000n\000u\000o\000u\000s\000\040\000B\000a\000t\000c\000h\000i\000n\000g\000\040\000S\000t\000a\000l\000l}{section.10}% 40
\BOOKMARK [2][-]{subsection.10.5}{\376\377\000C\000r\000o\000s\000s\000-\000T\000r\000a\000c\000k\000\040\000C\000o\000m\000p\000a\000r\000i\000s\000o\000n\000:\000\040\000Q\000u\000a\000n\000t\000i\000z\000a\000t\000i\000o\000n}{section.10}% 41
\BOOKMARK [1][-]{section.11}{\376\377\000P\000r\000a\000c\000t\000i\000c\000a\000l\000\040\000A\000p\000p\000l\000i\000c\000a\000t\000i\000o\000n\000s}{}% 42
\BOOKMARK [1][-]{section.12}{\376\377\000R\000e\000l\000a\000t\000e\000d\000\040\000W\000o\000r\000k}{}% 43
\BOOKMARK [2][-]{subsection.12.1}{\376\377\000I\000n\000t\000e\000r\000v\000i\000e\000w\000\040\000P\000l\000a\000t\000f\000o\000r\000m\000s}{section.12}% 44
\BOOKMARK [2][-]{subsection.12.2}{\376\377\000M\000L\000\040\000S\000y\000s\000t\000e\000m\000s\000\040\000R\000e\000s\000e\000a\000r\000c\000h}{section.12}% 45
\BOOKMARK [2][-]{subsection.12.3}{\376\377\000E\000d\000u\000c\000a\000t\000i\000o\000n\000a\000l\000\040\000M\000e\000a\000s\000u\000r\000e\000m\000e\000n\000t}{section.12}% 46
\BOOKMARK [1][-]{section.13}{\376\377\000L\000i\000m\000i\000t\000a\000t\000i\000o\000n\000s}{}% 47
\BOOKMARK [1][-]{section.14}{\376\377\000C\000o\000n\000c\000l\000u\000s\000i\000o\000n\000\040\000a\000n\000d\000\040\000F\000u\000t\000u\000r\000e\000\040\000W\000o\000r\000k}{}% 48
\BOOKMARK [2][-]{subsection.14.1}{\376\377\000F\000u\000t\000u\000r\000e\000\040\000D\000i\000r\000e\000c\000t\000i\000o\000n\000s}{section.14}% 49
\BOOKMARK [1][-]{appendix.A}{\376\377\000Z\000o\000n\000e\000\040\000D\000e\000f\000i\000n\000i\000t\000i\000o\000n\000s}{}% 50
